#
# A fatal error has been detected by the Java Runtime Environment:
#
#  SIGSEGV (0xb) at pc=0x0000000102c3fc83, pid=1343, tid=17923
#
# JRE version: Java(TM) SE Runtime Environment (8.0_31-b13) (build 1.8.0_31-b13)
# Java VM: Java HotSpot(TM) 64-Bit Server VM (25.31-b07 mixed mode bsd-amd64 compressed oops)
# Problematic frame:
# V  [libjvm.dylib+0x43fc83]
#
# Failed to write core dump. Core dumps have been disabled. To enable core dumping, try "ulimit -c unlimited" before starting Java again
#
# If you would like to submit a bug report, please visit:
#   http://bugreport.java.com/bugreport/crash.jsp
#

---------------  T H R E A D  ---------------

Current thread (0x00007fd56903a800):  JavaThread "C1 CompilerThread1" daemon [_thread_in_vm, id=17923, stack(0x0000000116d38000,0x0000000116e38000)]

siginfo: si_signo: 11 (SIGSEGV), si_code: 1 (SEGV_MAPERR), si_addr: 0x0000000000000000

Registers:
RAX=0x0000000000000000, RBX=0x00000001040a8510, RCX=0x0000000000000003, RDX=0x0000000115a7a578
RSP=0x0000000116e379e0, RBP=0x0000000116e37a20, RSI=0x0000000115410710, RDI=0x0000000115411550
R8 =0x0000000115a7bf38, R9 =0x0000000000000015, R10=0x00000000614a4506, R11=0x0000000021ffd105
R12=0x00000001040a8701, R13=0x0000000000000001, R14=0x0000000115411550, R15=0x0000000115411550
RIP=0x0000000102c3fc83, EFLAGS=0x0000000000010202, ERR=0x0000000000000004
  TRAPNO=0x000000000000000e

Top of Stack: (sp=0x0000000116e379e0)
0x0000000116e379e0:   0000000100000003 0000000000000006
0x0000000116e379f0:   00007fd500000002 0000000115411550
0x0000000116e37a00:   0000000000000002 00000001040a8701
0x0000000116e37a10:   0000000000000002 00000001040a8510
0x0000000116e37a20:   0000000116e37ac0 0000000102c40cd8
0x0000000116e37a30:   00007fd56903a800 00007fd56840ff10
0x0000000116e37a40:   0000000103089940 0000000116e379d0
0x0000000116e37a50:   00000001040a808d 0000000103db6cd0
0x0000000116e37a60:   0000000103dba690 00007fd568511e40
0x0000000116e37a70:   00007fd568511e70 00007fd568410110
0x0000000116e37a80:   0000000115411550 0000000104106d20
0x0000000116e37a90:   0000000104106b90 00000001040a8510
0x0000000116e37aa0:   00000001040a87d0 0000000000000000
0x0000000116e37ab0:   0000000116e37b18 0000000000000000
0x0000000116e37ac0:   0000000116e37af0 0000000102cffe91
0x0000000116e37ad0:   00007fd56903a800 00000000000000b8
0x0000000116e37ae0:   0000000116e37b18 0000000000000000
0x0000000116e37af0:   0000000116e37c00 0000000102d0012f
0x0000000116e37b00:   000000e200000000 00007fd56840ff10
0x0000000116e37b10:   0000000000000001 0000000000000000
0x0000000116e37b20:   0000000000000000 0000000000000000
0x0000000116e37b30:   00007fd56840ff10 00007fd568ecb720
0x0000000116e37b40:   00007fd568ecb7e0 0000000000000000
0x0000000116e37b50:   0000000000000000 0000000000000000
0x0000000116e37b60:   0000000000000000 0000000000000000
0x0000000116e37b70:   00007fd56903a800 00000001b343d622
0x0000000116e37b80:   0000000000000000 00007fd56841ea20
0x0000000116e37b90:   0000000116e37bd0 00007fd56903a800
0x0000000116e37ba0:   00007fd568511e40 00007fd568511e70
0x0000000116e37bb0:   00007fd568511eb0 00007fd568512258
0x0000000116e37bc0:   00000000000003d8 0000000000027049
0x0000000116e37bd0:   0000000000000000 00007fd56842deb0 

Instructions: (pc=0x0000000102c3fc83)
0x0000000102c3fc63:   8b 71 08 4c 8b 44 d6 50 0f b7 49 20 48 8b 54 ce
0x0000000102c3fc73:   50 0f b7 0a 45 0f b7 08 48 83 c2 08 49 83 c0 08
0x0000000102c3fc83:   0f b7 30 48 89 c7 48 83 c7 08 90 0f 1f 40 00 48
0x0000000102c3fc93:   8b 53 50 48 85 d2 74 65 48 8d 05 c7 b2 45 00 80 

Register to memory mapping:

RAX=0x0000000000000000 is an unknown value
RBX=0x00000001040a8510 is at entry_point+-336 in (nmethod*)0x00000001040a8510
RCX=0x0000000000000003 is an unknown value
RDX=0x0000000115a7a578 is an unknown value
RSP=0x0000000116e379e0 is pointing into the stack for thread: 0x00007fd56903a800
RBP=0x0000000116e37a20 is pointing into the stack for thread: 0x00007fd56903a800
RSI=0x0000000115410710 is pointing into metadata
RDI={method} {0x0000000115411550} 'add' '(Ljava/lang/Object;)Z' in NULL
R8 =0x0000000115a7bf38 is an unknown value
R9 =0x0000000000000015 is an unknown value
R10=0x00000000614a4506 is an unknown value
R11=0x0000000021ffd105 is an unknown value
R12=0x00000001040a8701 is at entry_point+161 in (nmethod*)0x00000001040a8510
R13=0x0000000000000001 is an unknown value
R14={method} {0x0000000115411550} 'add' '(Ljava/lang/Object;)Z' in NULL
R15={method} {0x0000000115411550} 'add' '(Ljava/lang/Object;)Z' in NULL


Stack: [0x0000000116d38000,0x0000000116e38000],  sp=0x0000000116e379e0,  free space=1022k
Native frames: (J=compiled Java code, j=interpreted, Vv=VM code, C=native code)
V  [libjvm.dylib+0x43fc83]
V  [libjvm.dylib+0x440cd8]
V  [libjvm.dylib+0x4ffe91]
V  [libjvm.dylib+0x50012f]
V  [libjvm.dylib+0x50049b]
V  [libjvm.dylib+0x1ad351]
V  [libjvm.dylib+0x1ae0b9]
V  [libjvm.dylib+0x5360cf]
V  [libjvm.dylib+0x53780c]
V  [libjvm.dylib+0x45d772]
C  [libsystem_pthread.dylib+0x1899]  _pthread_body+0x8a
C  [libsystem_pthread.dylib+0x172a]  _pthread_struct_init+0x0
C  [libsystem_pthread.dylib+0x5fc9]  thread_start+0xd
C  0x0000000000000000


---------------  P R O C E S S  ---------------

Java Threads: ( => current thread )
  0x00007fd5689d4000 JavaThread "Compiler Processing Task" daemon [_thread_blocked, id=19459, stack(0x000000011821b000,0x000000011831b000)]
  0x00007fd56904f800 JavaThread "Service Thread" daemon [_thread_blocked, id=18435, stack(0x0000000116e3b000,0x0000000116f3b000)]
=>0x00007fd56903a800 JavaThread "C1 CompilerThread1" daemon [_thread_in_vm, id=17923, stack(0x0000000116d38000,0x0000000116e38000)]
  0x00007fd568847000 JavaThread "C2 CompilerThread0" daemon [_thread_blocked, id=17411, stack(0x0000000116c35000,0x0000000116d35000)]
  0x00007fd569039000 JavaThread "Signal Dispatcher" daemon [_thread_blocked, id=16899, stack(0x0000000116b32000,0x0000000116c32000)]
  0x00007fd569004000 JavaThread "Finalizer" daemon [_thread_blocked, id=12035, stack(0x00000001168e3000,0x00000001169e3000)]
  0x00007fd56886d000 JavaThread "Reference Handler" daemon [_thread_blocked, id=11523, stack(0x00000001167e0000,0x00000001168e0000)]
  0x00007fd568813800 JavaThread "main" [_thread_blocked, id=6915, stack(0x00000001022a3000,0x00000001023a3000)]

Other Threads:
  0x00007fd56886a800 VMThread [stack: 0x00000001166dd000,0x00000001167dd000] [id=11011]
  0x00007fd569007000 WatcherThread [stack: 0x0000000116f3e000,0x000000011703e000] [id=18947]

VM state:synchronizing (normal execution)

VM Mutex/Monitor currently owned by a thread:  ([mutex/lock_event])
[0x00007fd568410b90] Threads_lock - owner thread: 0x00007fd56886a800

Heap:
 PSYoungGen      total 272896K, used 113445K [0x00000007aab00000, 0x00000007bc000000, 0x00000007c0000000)
  eden space 262144K, 43% used [0x00000007aab00000,0x00000007b19c95f8,0x00000007bab00000)
  from space 10752K, 0% used [0x00000007bb580000,0x00000007bb580000,0x00000007bc000000)
  to   space 10752K, 0% used [0x00000007bab00000,0x00000007bab00000,0x00000007bb580000)
 ParOldGen       total 175104K, used 13204K [0x0000000780000000, 0x000000078ab00000, 0x00000007aab00000)
  object space 175104K, 7% used [0x0000000780000000,0x0000000780ce5238,0x000000078ab00000)
 Metaspace       used 29134K, capacity 29726K, committed 29952K, reserved 1075200K
  class space    used 3301K, capacity 3529K, committed 3584K, reserved 1048576K

Card table byte_map: [0x0000000112adf000,0x0000000112ce0000] byte_map_base: 0x000000010eedf000

Marking Bits: (ParMarkBitMap*) 0x000000010309e410
 Begin Bits: [0x000000011303c000, 0x000000011403c000)
 End Bits:   [0x000000011403c000, 0x000000011503c000)

Polling page: 0x00000001023e7000

CodeCache: size=245760Kb used=9609Kb max_used=10161Kb free=236150Kb
 bounds [0x000000010371f000, 0x000000010412f000, 0x000000011271f000]
 total_blobs=4066 nmethods=3666 adapters=315
 compilation: enabled

Compilation events (10 events):
Event: 7.297 Thread 0x00007fd56903a800 4070       2       org.codehaus.groovy.ast.ClassNode::getName (8 bytes)
Event: 7.298 Thread 0x00007fd56903a800 nmethod 4070 0x0000000103a6fb10 code [0x0000000103a6fc80, 0x0000000103a6fe48]
Event: 7.298 Thread 0x00007fd56903a800 4040       2       org.eclipse.jdt.internal.compiler.lookup.TypeBinding::kind (2 bytes)
Event: 7.298 Thread 0x00007fd56903a800 nmethod 4040 0x00000001039bc150 code [0x00000001039bc2a0, 0x00000001039bc3f0]
Event: 7.299 Thread 0x00007fd56903a800 4039       2       org.eclipse.jdt.internal.compiler.classfmt.TypeAnnotationWalker$1::getAnnotationsAtCursor (4 bytes)
Event: 7.299 Thread 0x00007fd56903a800 nmethod 4039 0x00000001039be7d0 code [0x00000001039be920, 0x00000001039bea70]
Event: 7.300 Thread 0x00007fd56903a800 4028       2       org.eclipse.jdt.internal.compiler.lookup.LookupEnvironment::convertUnresolvedBinaryToRawType (323 bytes)
Event: 7.301 Thread 0x00007fd56903a800 nmethod 4028 0x0000000103be1890 code [0x0000000103be1b20, 0x0000000103be23b8]
Event: 7.302 Thread 0x00007fd56903a800 4026       2       org.eclipse.jdt.internal.compiler.lookup.PackageBinding::getPackage0 (9 bytes)
Event: 7.303 Thread 0x00007fd56903a800 nmethod 4026 0x00000001038e1690 code [0x00000001038e1800, 0x00000001038e1988]

GC Heap History (10 events):
Event: 1.274 GC heap before
{Heap before GC invocations=1 (full 0):
 PSYoungGen      total 76288K, used 65536K [0x00000007aab00000, 0x00000007b0000000, 0x00000007c0000000)
  eden space 65536K, 100% used [0x00000007aab00000,0x00000007aeb00000,0x00000007aeb00000)
  from space 10752K, 0% used [0x00000007af580000,0x00000007af580000,0x00000007b0000000)
  to   space 10752K, 0% used [0x00000007aeb00000,0x00000007aeb00000,0x00000007af580000)
 ParOldGen       total 175104K, used 0K [0x0000000780000000, 0x000000078ab00000, 0x00000007aab00000)
  object space 175104K, 0% used [0x0000000780000000,0x0000000780000000,0x000000078ab00000)
 Metaspace       used 10487K, capacity 10692K, committed 11008K, reserved 1058816K
  class space    used 1311K, capacity 1412K, committed 1536K, reserved 1048576K
Event: 1.293 GC heap after
Heap after GC invocations=1 (full 0):
 PSYoungGen      total 76288K, used 8533K [0x00000007aab00000, 0x00000007b4000000, 0x00000007c0000000)
  eden space 65536K, 0% used [0x00000007aab00000,0x00000007aab00000,0x00000007aeb00000)
  from space 10752K, 79% used [0x00000007aeb00000,0x00000007af3557c0,0x00000007af580000)
  to   space 10752K, 0% used [0x00000007b3580000,0x00000007b3580000,0x00000007b4000000)
 ParOldGen       total 175104K, used 8K [0x0000000780000000, 0x000000078ab00000, 0x00000007aab00000)
  object space 175104K, 0% used [0x0000000780000000,0x0000000780002000,0x000000078ab00000)
 Metaspace       used 10487K, capacity 10692K, committed 11008K, reserved 1058816K
  class space    used 1311K, capacity 1412K, committed 1536K, reserved 1048576K
}
Event: 2.742 GC heap before
{Heap before GC invocations=2 (full 0):
 PSYoungGen      total 76288K, used 74069K [0x00000007aab00000, 0x00000007b4000000, 0x00000007c0000000)
  eden space 65536K, 100% used [0x00000007aab00000,0x00000007aeb00000,0x00000007aeb00000)
  from space 10752K, 79% used [0x00000007aeb00000,0x00000007af3557c0,0x00000007af580000)
  to   space 10752K, 0% used [0x00000007b3580000,0x00000007b3580000,0x00000007b4000000)
 ParOldGen       total 175104K, used 8K [0x0000000780000000, 0x000000078ab00000, 0x00000007aab00000)
  object space 175104K, 0% used [0x0000000780000000,0x0000000780002000,0x000000078ab00000)
 Metaspace       used 17614K, capacity 17892K, committed 18176K, reserved 1064960K
  class space    used 2179K, capacity 2274K, committed 2304K, reserved 1048576K
Event: 2.770 GC heap after
Heap after GC invocations=2 (full 0):
 PSYoungGen      total 141824K, used 10727K [0x00000007aab00000, 0x00000007b4000000, 0x00000007c0000000)
  eden space 131072K, 0% used [0x00000007aab00000,0x00000007aab00000,0x00000007b2b00000)
  from space 10752K, 99% used [0x00000007b3580000,0x00000007b3ff9f00,0x00000007b4000000)
  to   space 10752K, 0% used [0x00000007b2b00000,0x00000007b2b00000,0x00000007b3580000)
 ParOldGen       total 175104K, used 133K [0x0000000780000000, 0x000000078ab00000, 0x00000007aab00000)
  object space 175104K, 0% used [0x0000000780000000,0x0000000780021468,0x000000078ab00000)
 Metaspace       used 17614K, capacity 17892K, committed 18176K, reserved 1064960K
  class space    used 2179K, capacity 2274K, committed 2304K, reserved 1048576K
}
Event: 4.710 GC heap before
{Heap before GC invocations=3 (full 0):
 PSYoungGen      total 141824K, used 141799K [0x00000007aab00000, 0x00000007b4000000, 0x00000007c0000000)
  eden space 131072K, 100% used [0x00000007aab00000,0x00000007b2b00000,0x00000007b2b00000)
  from space 10752K, 99% used [0x00000007b3580000,0x00000007b3ff9f00,0x00000007b4000000)
  to   space 10752K, 0% used [0x00000007b2b00000,0x00000007b2b00000,0x00000007b3580000)
 ParOldGen       total 175104K, used 133K [0x0000000780000000, 0x000000078ab00000, 0x00000007aab00000)
  object space 175104K, 0% used [0x0000000780000000,0x0000000780021468,0x000000078ab00000)
 Metaspace       used 20225K, capacity 20822K, committed 20864K, reserved 1067008K
  class space    used 2459K, capacity 2673K, committed 2688K, reserved 1048576K
Event: 4.755 GC heap after
Heap after GC invocations=3 (full 0):
 PSYoungGen      total 141824K, used 10720K [0x00000007aab00000, 0x00000007bc000000, 0x00000007c0000000)
  eden space 131072K, 0% used [0x00000007aab00000,0x00000007aab00000,0x00000007b2b00000)
  from space 10752K, 99% used [0x00000007b2b00000,0x00000007b3578040,0x00000007b3580000)
  to   space 10752K, 0% used [0x00000007bb580000,0x00000007bb580000,0x00000007bc000000)
 ParOldGen       total 175104K, used 3319K [0x0000000780000000, 0x000000078ab00000, 0x00000007aab00000)
  object space 175104K, 1% used [0x0000000780000000,0x000000078033df88,0x000000078ab00000)
 Metaspace       used 20225K, capacity 20822K, committed 20864K, reserved 1067008K
  class space    used 2459K, capacity 2673K, committed 2688K, reserved 1048576K
}
Event: 5.136 GC heap before
{Heap before GC invocations=4 (full 0):
 PSYoungGen      total 141824K, used 52170K [0x00000007aab00000, 0x00000007bc000000, 0x00000007c0000000)
  eden space 131072K, 31% used [0x00000007aab00000,0x00000007ad37a9e0,0x00000007b2b00000)
  from space 10752K, 99% used [0x00000007b2b00000,0x00000007b3578040,0x00000007b3580000)
  to   space 10752K, 0% used [0x00000007bb580000,0x00000007bb580000,0x00000007bc000000)
 ParOldGen       total 175104K, used 3319K [0x0000000780000000, 0x000000078ab00000, 0x00000007aab00000)
  object space 175104K, 1% used [0x0000000780000000,0x000000078033df88,0x000000078ab00000)
 Metaspace       used 20554K, capacity 21146K, committed 21248K, reserved 1067008K
  class space    used 2476K, capacity 2715K, committed 2816K, reserved 1048576K
Event: 5.176 GC heap after
Heap after GC invocations=4 (full 0):
 PSYoungGen      total 272896K, used 10736K [0x00000007aab00000, 0x00000007bc000000, 0x00000007c0000000)
  eden space 262144K, 0% used [0x00000007aab00000,0x00000007aab00000,0x00000007bab00000)
  from space 10752K, 99% used [0x00000007bb580000,0x00000007bbffc030,0x00000007bc000000)
  to   space 10752K, 0% used [0x00000007bab00000,0x00000007bab00000,0x00000007bb580000)
 ParOldGen       total 175104K, used 4819K [0x0000000780000000, 0x000000078ab00000, 0x00000007aab00000)
  object space 175104K, 2% used [0x0000000780000000,0x00000007804b4dc0,0x000000078ab00000)
 Metaspace       used 20554K, capacity 21146K, committed 21248K, reserved 1067008K
  class space    used 2476K, capacity 2715K, committed 2816K, reserved 1048576K
}
Event: 5.176 GC heap before
{Heap before GC invocations=5 (full 1):
 PSYoungGen      total 272896K, used 10736K [0x00000007aab00000, 0x00000007bc000000, 0x00000007c0000000)
  eden space 262144K, 0% used [0x00000007aab00000,0x00000007aab00000,0x00000007bab00000)
  from space 10752K, 99% used [0x00000007bb580000,0x00000007bbffc030,0x00000007bc000000)
  to   space 10752K, 0% used [0x00000007bab00000,0x00000007bab00000,0x00000007bb580000)
 ParOldGen       total 175104K, used 4819K [0x0000000780000000, 0x000000078ab00000, 0x00000007aab00000)
  object space 175104K, 2% used [0x0000000780000000,0x00000007804b4dc0,0x000000078ab00000)
 Metaspace       used 20554K, capacity 21146K, committed 21248K, reserved 1067008K
  class space    used 2476K, capacity 2715K, committed 2816K, reserved 1048576K
Event: 5.343 GC heap after
Heap after GC invocations=5 (full 1):
 PSYoungGen      total 272896K, used 0K [0x00000007aab00000, 0x00000007bc000000, 0x00000007c0000000)
  eden space 262144K, 0% used [0x00000007aab00000,0x00000007aab00000,0x00000007bab00000)
  from space 10752K, 0% used [0x00000007bb580000,0x00000007bb580000,0x00000007bc000000)
  to   space 10752K, 0% used [0x00000007bab00000,0x00000007bab00000,0x00000007bb580000)
 ParOldGen       total 175104K, used 13204K [0x0000000780000000, 0x000000078ab00000, 0x00000007aab00000)
  object space 175104K, 7% used [0x0000000780000000,0x0000000780ce5238,0x000000078ab00000)
 Metaspace       used 20554K, capacity 21146K, committed 21248K, reserved 1067008K
  class space    used 2476K, capacity 2715K, committed 2816K, reserved 1048576K
}

Deoptimization events (10 events):
Event: 4.988 Thread 0x00007fd568813800 Uncommon trap: reason=class_check action=maybe_recompile pc=0x0000000103e07c90 method=java.util.regex.Pattern$Curly.match0(Ljava/util/regex/Matcher;IILjava/lang/CharSequence;)Z @ 16
Event: 4.988 Thread 0x00007fd568813800 Uncommon trap: reason=class_check action=maybe_recompile pc=0x0000000103e07c90 method=java.util.regex.Pattern$Curly.match0(Ljava/util/regex/Matcher;IILjava/lang/CharSequence;)Z @ 16
Event: 6.393 Thread 0x00007fd568813800 Uncommon trap: reason=bimorphic action=maybe_recompile pc=0x0000000103bcccec method=java.lang.ClassLoader.loadClass(Ljava/lang/String;Z)Ljava/lang/Class; @ 38
Event: 6.498 Thread 0x00007fd568813800 Uncommon trap: reason=bimorphic action=maybe_recompile pc=0x0000000103bcccec method=java.lang.ClassLoader.loadClass(Ljava/lang/String;Z)Ljava/lang/Class; @ 38
Event: 6.621 Thread 0x00007fd568813800 Uncommon trap: reason=bimorphic action=maybe_recompile pc=0x0000000103bcccec method=java.lang.ClassLoader.loadClass(Ljava/lang/String;Z)Ljava/lang/Class; @ 38
Event: 6.622 Thread 0x00007fd568813800 Uncommon trap: reason=bimorphic action=maybe_recompile pc=0x0000000103bcccec method=java.lang.ClassLoader.loadClass(Ljava/lang/String;Z)Ljava/lang/Class; @ 38
Event: 6.640 Thread 0x00007fd568813800 Uncommon trap: reason=bimorphic action=maybe_recompile pc=0x0000000103dbd4d0 method=java.util.Hashtable.addEntry(ILjava/lang/Object;Ljava/lang/Object;I)V @ 38
Event: 6.640 Thread 0x00007fd568813800 Uncommon trap: reason=bimorphic action=maybe_recompile pc=0x0000000103dbd4d0 method=java.util.Hashtable.addEntry(ILjava/lang/Object;Ljava/lang/Object;I)V @ 38
Event: 6.640 Thread 0x00007fd568813800 Uncommon trap: reason=bimorphic action=maybe_recompile pc=0x0000000103dbd4d0 method=java.util.Hashtable.addEntry(ILjava/lang/Object;Ljava/lang/Object;I)V @ 38
Event: 7.222 Thread 0x00007fd5689d4000 Uncommon trap: reason=null_check action=make_not_entrant pc=0x00000001040fbf70 method=java.lang.StringCoding.deref(Ljava/lang/ThreadLocal;)Ljava/lang/Object; @ 4

Internal exceptions (10 events):
Event: 7.271 Thread 0x00007fd5689d4000 Exception <a 'java/security/PrivilegedActionException'> (0x00000007b1813810) thrown at [/Users/java_re/workspace/8-2-build-macosx-x86_64/jdk8u31/2394/hotspot/src/share/vm/prims/jvm.cpp, line 1312]
Event: 7.271 Thread 0x00007fd5689d4000 Exception <a 'java/security/PrivilegedActionException'> (0x00000007b1814898) thrown at [/Users/java_re/workspace/8-2-build-macosx-x86_64/jdk8u31/2394/hotspot/src/share/vm/prims/jvm.cpp, line 1312]
Event: 7.273 Thread 0x00007fd5689d4000 Exception <a 'java/security/PrivilegedActionException'> (0x00000007b1820e58) thrown at [/Users/java_re/workspace/8-2-build-macosx-x86_64/jdk8u31/2394/hotspot/src/share/vm/prims/jvm.cpp, line 1312]
Event: 7.273 Thread 0x00007fd5689d4000 Exception <a 'java/security/PrivilegedActionException'> (0x00000007b1821e70) thrown at [/Users/java_re/workspace/8-2-build-macosx-x86_64/jdk8u31/2394/hotspot/src/share/vm/prims/jvm.cpp, line 1312]
Event: 7.274 Thread 0x00007fd5689d4000 Exception <a 'java/security/PrivilegedActionException'> (0x00000007b18299b0) thrown at [/Users/java_re/workspace/8-2-build-macosx-x86_64/jdk8u31/2394/hotspot/src/share/vm/prims/jvm.cpp, line 1312]
Event: 7.274 Thread 0x00007fd5689d4000 Exception <a 'java/security/PrivilegedActionException'> (0x00000007b182a9a0) thrown at [/Users/java_re/workspace/8-2-build-macosx-x86_64/jdk8u31/2394/hotspot/src/share/vm/prims/jvm.cpp, line 1312]
Event: 7.274 Thread 0x00007fd5689d4000 Exception <a 'java/security/PrivilegedActionException'> (0x00000007b18309b8) thrown at [/Users/java_re/workspace/8-2-build-macosx-x86_64/jdk8u31/2394/hotspot/src/share/vm/prims/jvm.cpp, line 1312]
Event: 7.274 Thread 0x00007fd5689d4000 Exception <a 'java/security/PrivilegedActionException'> (0x00000007b18319b0) thrown at [/Users/java_re/workspace/8-2-build-macosx-x86_64/jdk8u31/2394/hotspot/src/share/vm/prims/jvm.cpp, line 1312]
Event: 7.279 Thread 0x00007fd5689d4000 Exception <a 'java/security/PrivilegedActionException'> (0x00000007b1862af8) thrown at [/Users/java_re/workspace/8-2-build-macosx-x86_64/jdk8u31/2394/hotspot/src/share/vm/prims/jvm.cpp, line 1312]
Event: 7.279 Thread 0x00007fd5689d4000 Exception <a 'java/security/PrivilegedActionException'> (0x00000007b1863c58) thrown at [/Users/java_re/workspace/8-2-build-macosx-x86_64/jdk8u31/2394/hotspot/src/share/vm/prims/jvm.cpp, line 1312]

Events (10 events):
Event: 7.293 Thread 0x00007fd56903a800 flushing nmethod 0x0000000103d86690
Event: 7.296 Thread 0x00007fd56903a800 flushing nmethod 0x0000000103dd4410
Event: 7.296 Thread 0x00007fd56903a800 flushing nmethod 0x0000000103ded450
Event: 7.297 Thread 0x00007fd56903a800 flushing nmethod 0x0000000103e07850
Event: 7.297 Thread 0x00007fd56903a800 flushing nmethod 0x0000000103e18a10
Event: 7.297 Thread 0x00007fd56903a800 flushing nmethod 0x0000000103e40c10
Event: 7.297 Thread 0x00007fd56903a800 flushing nmethod 0x0000000103e43950
Event: 7.299 Thread 0x00007fd56903a800 flushing nmethod 0x0000000103f26ad0
Event: 7.300 Thread 0x00007fd56903a800 flushing nmethod 0x0000000103f56b90
Event: 7.301 Thread 0x00007fd56903a800 flushing nmethod 0x0000000103fc1c10


Dynamic libraries:
0x000000000744a000 	/System/Library/Frameworks/Cocoa.framework/Versions/A/Cocoa
0x000000000744a000 	/System/Library/Frameworks/Security.framework/Versions/A/Security
0x000000000744a000 	/System/Library/Frameworks/ApplicationServices.framework/Versions/A/ApplicationServices
0x000000000744a000 	/usr/lib/libz.1.dylib
0x000000000744a000 	/usr/lib/libSystem.B.dylib
0x000000000744a000 	/usr/lib/libobjc.A.dylib
0x000000000744a000 	/System/Library/Frameworks/CoreFoundation.framework/Versions/A/CoreFoundation
0x000000000744a000 	/System/Library/Frameworks/Foundation.framework/Versions/C/Foundation
0x000000000744a000 	/System/Library/Frameworks/AppKit.framework/Versions/C/AppKit
0x000000000744a000 	/System/Library/Frameworks/CoreData.framework/Versions/A/CoreData
0x000000000744a000 	/System/Library/PrivateFrameworks/RemoteViewServices.framework/Versions/A/RemoteViewServices
0x000000000744a000 	/System/Library/Frameworks/AudioToolbox.framework/Versions/A/AudioToolbox
0x000000000744a000 	/System/Library/Frameworks/AudioUnit.framework/Versions/A/AudioUnit
0x000000000744a000 	/System/Library/PrivateFrameworks/DataDetectorsCore.framework/Versions/A/DataDetectorsCore
0x000000000744a000 	/System/Library/PrivateFrameworks/DesktopServicesPriv.framework/Versions/A/DesktopServicesPriv
0x000000000744a000 	/System/Library/Frameworks/Carbon.framework/Versions/A/Frameworks/HIToolbox.framework/Versions/A/HIToolbox
0x000000000744a000 	/System/Library/Frameworks/QuartzCore.framework/Versions/A/QuartzCore
0x000000000744a000 	/System/Library/Frameworks/Carbon.framework/Versions/A/Frameworks/SpeechRecognition.framework/Versions/A/SpeechRecognition
0x000000000744a000 	/usr/lib/libauto.dylib
0x000000000744a000 	/usr/lib/libicucore.A.dylib
0x000000000744a000 	/usr/lib/libxml2.2.dylib
0x000000000744a000 	/System/Library/PrivateFrameworks/CoreUI.framework/Versions/A/CoreUI
0x000000000744a000 	/System/Library/Frameworks/CoreAudio.framework/Versions/A/CoreAudio
0x000000000744a000 	/System/Library/Frameworks/DiskArbitration.framework/Versions/A/DiskArbitration
0x000000000744a000 	/usr/lib/liblangid.dylib
0x000000000744a000 	/System/Library/PrivateFrameworks/MultitouchSupport.framework/Versions/A/MultitouchSupport
0x000000000744a000 	/System/Library/Frameworks/IOKit.framework/Versions/A/IOKit
0x000000000744a000 	/usr/lib/libDiagnosticMessagesClient.dylib
0x000000000744a000 	/System/Library/Frameworks/CoreServices.framework/Versions/A/CoreServices
0x000000000744a000 	/System/Library/PrivateFrameworks/PerformanceAnalysis.framework/Versions/A/PerformanceAnalysis
0x000000000744a000 	/System/Library/PrivateFrameworks/GenerationalStorage.framework/Versions/A/GenerationalStorage
0x000000000744a000 	/System/Library/Frameworks/OpenGL.framework/Versions/A/OpenGL
0x000000000744a000 	/System/Library/PrivateFrameworks/Sharing.framework/Versions/A/Sharing
0x000000000744a000 	/System/Library/Frameworks/ImageIO.framework/Versions/A/ImageIO
0x000000000744a000 	/System/Library/Frameworks/CoreText.framework/Versions/A/CoreText
0x000000000744a000 	/System/Library/Frameworks/CoreGraphics.framework/Versions/A/CoreGraphics
0x000000000744a000 	/System/Library/PrivateFrameworks/Backup.framework/Versions/A/Backup
0x000000000744a000 	/System/Library/Frameworks/CFNetwork.framework/Versions/A/CFNetwork
0x000000000744a000 	/System/Library/Frameworks/SystemConfiguration.framework/Versions/A/SystemConfiguration
0x000000000744a000 	/usr/lib/libCRFSuite.dylib
0x000000000744a000 	/usr/lib/libc++.1.dylib
0x000000000744a000 	/usr/lib/libc++abi.dylib
0x000000000744a000 	/usr/lib/system/libcache.dylib
0x000000000744a000 	/usr/lib/system/libcommonCrypto.dylib
0x000000000744a000 	/usr/lib/system/libcompiler_rt.dylib
0x000000000744a000 	/usr/lib/system/libcopyfile.dylib
0x000000000744a000 	/usr/lib/system/libcorecrypto.dylib
0x000000000744a000 	/usr/lib/system/libdispatch.dylib
0x000000000744a000 	/usr/lib/system/libdyld.dylib
0x000000000744a000 	/usr/lib/system/libkeymgr.dylib
0x000000000744a000 	/usr/lib/system/liblaunch.dylib
0x000000000744a000 	/usr/lib/system/libmacho.dylib
0x000000000744a000 	/usr/lib/system/libquarantine.dylib
0x000000000744a000 	/usr/lib/system/libremovefile.dylib
0x000000000744a000 	/usr/lib/system/libsystem_asl.dylib
0x000000000744a000 	/usr/lib/system/libsystem_blocks.dylib
0x000000000744a000 	/usr/lib/system/libsystem_c.dylib
0x000000000744a000 	/usr/lib/system/libsystem_configuration.dylib
0x000000000744a000 	/usr/lib/system/libsystem_dnssd.dylib
0x000000000744a000 	/usr/lib/system/libsystem_info.dylib
0x000000000744a000 	/usr/lib/system/libsystem_kernel.dylib
0x000000000744a000 	/usr/lib/system/libsystem_m.dylib
0x000000000744a000 	/usr/lib/system/libsystem_malloc.dylib
0x000000000744a000 	/usr/lib/system/libsystem_network.dylib
0x000000000744a000 	/usr/lib/system/libsystem_notify.dylib
0x000000000744a000 	/usr/lib/system/libsystem_platform.dylib
0x000000000744a000 	/usr/lib/system/libsystem_pthread.dylib
0x000000000744a000 	/usr/lib/system/libsystem_sandbox.dylib
0x000000000744a000 	/usr/lib/system/libsystem_stats.dylib
0x000000000744a000 	/usr/lib/system/libunc.dylib
0x000000000744a000 	/usr/lib/system/libunwind.dylib
0x000000000744a000 	/usr/lib/system/libxpc.dylib
0x000000000744a000 	/usr/lib/libbsm.0.dylib
0x000000000744a000 	/usr/lib/libsqlite3.dylib
0x000000000744a000 	/usr/lib/libxar.1.dylib
0x000000000744a000 	/usr/lib/libpam.2.dylib
0x000000000744a000 	/usr/lib/libOpenScriptingUtil.dylib
0x000000000744a000 	/usr/lib/libbz2.1.0.dylib
0x000000000744a000 	/System/Library/Frameworks/CoreServices.framework/Versions/A/Frameworks/CarbonCore.framework/Versions/A/CarbonCore
0x000000000744a000 	/System/Library/Frameworks/CoreServices.framework/Versions/A/Frameworks/Metadata.framework/Versions/A/Metadata
0x000000000744a000 	/System/Library/Frameworks/CoreServices.framework/Versions/A/Frameworks/OSServices.framework/Versions/A/OSServices
0x000000000744a000 	/System/Library/Frameworks/CoreServices.framework/Versions/A/Frameworks/SearchKit.framework/Versions/A/SearchKit
0x000000000744a000 	/System/Library/Frameworks/CoreServices.framework/Versions/A/Frameworks/AE.framework/Versions/A/AE
0x000000000744a000 	/System/Library/Frameworks/CoreServices.framework/Versions/A/Frameworks/LaunchServices.framework/Versions/A/LaunchServices
0x000000000744a000 	/System/Library/Frameworks/CoreServices.framework/Versions/A/Frameworks/DictionaryServices.framework/Versions/A/DictionaryServices
0x000000000744a000 	/System/Library/Frameworks/NetFS.framework/Versions/A/NetFS
0x000000000744a000 	/usr/lib/system/libkxld.dylib
0x000000000744a000 	/System/Library/PrivateFrameworks/NetAuth.framework/Versions/A/NetAuth
0x000000000744a000 	/System/Library/PrivateFrameworks/TCC.framework/Versions/A/TCC
0x000000000744a000 	/System/Library/Frameworks/OpenDirectory.framework/Versions/A/Frameworks/CFOpenDirectory.framework/Versions/A/CFOpenDirectory
0x000000000744a000 	/System/Library/Frameworks/ServiceManagement.framework/Versions/A/ServiceManagement
0x000000000744a000 	/usr/lib/libxslt.1.dylib
0x000000000744a000 	/System/Library/Frameworks/Carbon.framework/Versions/A/Frameworks/Ink.framework/Versions/A/Ink
0x000000000744a000 	/System/Library/Frameworks/ApplicationServices.framework/Versions/A/Frameworks/ATS.framework/Versions/A/ATS
0x000000000744a000 	/System/Library/Frameworks/ApplicationServices.framework/Versions/A/Frameworks/ColorSync.framework/Versions/A/ColorSync
0x000000000744a000 	/System/Library/Frameworks/ApplicationServices.framework/Versions/A/Frameworks/HIServices.framework/Versions/A/HIServices
0x000000000744a000 	/System/Library/Frameworks/ApplicationServices.framework/Versions/A/Frameworks/LangAnalysis.framework/Versions/A/LangAnalysis
0x000000000744a000 	/System/Library/Frameworks/ApplicationServices.framework/Versions/A/Frameworks/PrintCore.framework/Versions/A/PrintCore
0x000000000744a000 	/System/Library/Frameworks/ApplicationServices.framework/Versions/A/Frameworks/QD.framework/Versions/A/QD
0x000000000744a000 	/System/Library/Frameworks/ApplicationServices.framework/Versions/A/Frameworks/SpeechSynthesis.framework/Versions/A/SpeechSynthesis
0x000000000744a000 	/System/Library/Frameworks/IOSurface.framework/Versions/A/IOSurface
0x000000000744a000 	/System/Library/Frameworks/Accelerate.framework/Versions/A/Accelerate
0x000000000744a000 	/System/Library/Frameworks/Accelerate.framework/Versions/A/Frameworks/vImage.framework/Versions/A/vImage
0x000000000744a000 	/System/Library/Frameworks/Accelerate.framework/Versions/A/Frameworks/vecLib.framework/Versions/A/vecLib
0x000000000744a000 	/System/Library/Frameworks/Accelerate.framework/Versions/A/Frameworks/vecLib.framework/Versions/A/libvDSP.dylib
0x000000000744a000 	/System/Library/Frameworks/Accelerate.framework/Versions/A/Frameworks/vecLib.framework/Versions/A/libvMisc.dylib
0x000000000744a000 	/System/Library/Frameworks/Accelerate.framework/Versions/A/Frameworks/vecLib.framework/Versions/A/libLAPACK.dylib
0x000000000744a000 	/System/Library/Frameworks/Accelerate.framework/Versions/A/Frameworks/vecLib.framework/Versions/A/libBLAS.dylib
0x000000000744a000 	/System/Library/Frameworks/ApplicationServices.framework/Versions/A/Frameworks/ATS.framework/Versions/A/Resources/libFontParser.dylib
0x000000000744a000 	/System/Library/Frameworks/ApplicationServices.framework/Versions/A/Frameworks/ATS.framework/Versions/A/Resources/libFontRegistry.dylib
0x000000000744a000 	/System/Library/Frameworks/ImageIO.framework/Versions/A/Resources/libJPEG.dylib
0x000000000744a000 	/System/Library/Frameworks/ImageIO.framework/Versions/A/Resources/libTIFF.dylib
0x000000000744a000 	/System/Library/Frameworks/ImageIO.framework/Versions/A/Resources/libPng.dylib
0x000000000744a000 	/System/Library/Frameworks/ImageIO.framework/Versions/A/Resources/libGIF.dylib
0x000000000744a000 	/System/Library/Frameworks/ImageIO.framework/Versions/A/Resources/libJP2.dylib
0x000000000744a000 	/System/Library/Frameworks/ImageIO.framework/Versions/A/Resources/libRadiance.dylib
0x000000000744a000 	/usr/lib/libcups.2.dylib
0x000000000744a000 	/System/Library/Frameworks/Kerberos.framework/Versions/A/Kerberos
0x000000000744a000 	/System/Library/Frameworks/GSS.framework/Versions/A/GSS
0x000000000744a000 	/usr/lib/libresolv.9.dylib
0x000000000744a000 	/usr/lib/libiconv.2.dylib
0x000000000744a000 	/System/Library/PrivateFrameworks/Heimdal.framework/Versions/A/Heimdal
0x000000000744a000 	/System/Library/PrivateFrameworks/TrustEvaluationAgent.framework/Versions/A/TrustEvaluationAgent
0x000000000744a000 	/usr/lib/libheimdal-asn1.dylib
0x000000000744a000 	/System/Library/Frameworks/OpenDirectory.framework/Versions/A/OpenDirectory
0x000000000744a000 	/System/Library/PrivateFrameworks/CommonAuth.framework/Versions/A/CommonAuth
0x000000000744a000 	/System/Library/Frameworks/SecurityFoundation.framework/Versions/A/SecurityFoundation
0x000000000744a000 	/System/Library/PrivateFrameworks/Bom.framework/Versions/A/Bom
0x000000000744a000 	/System/Library/Frameworks/CoreVideo.framework/Versions/A/CoreVideo
0x000000000744a000 	/System/Library/Frameworks/QuartzCore.framework/Versions/A/Frameworks/CoreImage.framework/Versions/A/CoreImage
0x000000000744a000 	/System/Library/Frameworks/QuartzCore.framework/Versions/A/Frameworks/ScalableUserInterface.framework/Versions/A/ScalableUserInterface
0x000000000744a000 	/System/Library/Frameworks/OpenGL.framework/Versions/A/Libraries/libGLU.dylib
0x000000000744a000 	/System/Library/Frameworks/OpenGL.framework/Versions/A/Libraries/libGFXShared.dylib
0x000000000744a000 	/System/Library/Frameworks/OpenGL.framework/Versions/A/Libraries/libGL.dylib
0x000000000744a000 	/System/Library/Frameworks/OpenGL.framework/Versions/A/Libraries/libGLImage.dylib
0x000000000744a000 	/System/Library/Frameworks/OpenGL.framework/Versions/A/Libraries/libCVMSPluginSupport.dylib
0x000000000744a000 	/System/Library/Frameworks/OpenGL.framework/Versions/A/Libraries/libCoreVMClient.dylib
0x000000000744a000 	/System/Library/PrivateFrameworks/FaceCore.framework/Versions/A/FaceCore
0x000000000744a000 	/System/Library/PrivateFrameworks/CrashReporterSupport.framework/Versions/A/CrashReporterSupport
0x000000000744a000 	/System/Library/Frameworks/OpenCL.framework/Versions/A/OpenCL
0x000000000744a000 	/System/Library/PrivateFrameworks/AppleFSCompression.framework/Versions/A/AppleFSCompression
0x000000000744a000 	/System/Library/PrivateFrameworks/Ubiquity.framework/Versions/A/Ubiquity
0x000000000744a000 	/System/Library/PrivateFrameworks/IconServices.framework/Versions/A/IconServices
0x000000000744a000 	/System/Library/PrivateFrameworks/ChunkingLibrary.framework/Versions/A/ChunkingLibrary
0x000000000744a000 	/System/Library/PrivateFrameworks/CoreSymbolication.framework/Versions/A/CoreSymbolication
0x000000000744a000 	/System/Library/PrivateFrameworks/Symbolication.framework/Versions/A/Symbolication
0x000000000744a000 	/System/Library/PrivateFrameworks/DebugSymbols.framework/Versions/A/DebugSymbols
0x0000000102800000 	/Library/Java/JavaVirtualMachines/jdk1.8.0_31.jdk/Contents/Home/jre/lib/server/libjvm.dylib
0x000000000744a000 	/usr/lib/libstdc++.6.dylib
0x00000001023a5000 	/Library/Java/JavaVirtualMachines/jdk1.8.0_31.jdk/Contents/Home/jre/lib/libverify.dylib
0x00000001023b3000 	/Library/Java/JavaVirtualMachines/jdk1.8.0_31.jdk/Contents/Home/jre/lib/libjava.dylib
0x00000001023f1000 	/Library/Java/JavaVirtualMachines/jdk1.8.0_31.jdk/Contents/Home/jre/lib/libzip.dylib
0x00000001169e5000 	/System/Library/Frameworks/JavaVM.framework/Frameworks/JavaRuntimeSupport.framework/JavaRuntimeSupport
0x00000001169fd000 	/System/Library/Frameworks/JavaVM.framework/Versions/A/Frameworks/JavaNativeFoundation.framework/Versions/A/JavaNativeFoundation
0x0000000116a12000 	/System/Library/Frameworks/JavaVM.framework/Versions/A/JavaVM
0x000000000744a000 	/System/Library/Frameworks/Carbon.framework/Versions/A/Carbon
0x0000000116a1f000 	/System/Library/PrivateFrameworks/JavaLaunching.framework/Versions/A/JavaLaunching
0x000000000744a000 	/System/Library/Frameworks/Carbon.framework/Versions/A/Frameworks/CommonPanels.framework/Versions/A/CommonPanels
0x000000000744a000 	/System/Library/Frameworks/Carbon.framework/Versions/A/Frameworks/Help.framework/Versions/A/Help
0x000000000744a000 	/System/Library/Frameworks/Carbon.framework/Versions/A/Frameworks/ImageCapture.framework/Versions/A/ImageCapture
0x000000000744a000 	/System/Library/Frameworks/Carbon.framework/Versions/A/Frameworks/OpenScripting.framework/Versions/A/OpenScripting
0x000000000744a000 	/System/Library/Frameworks/Carbon.framework/Versions/A/Frameworks/Print.framework/Versions/A/Print
0x000000000744a000 	/System/Library/Frameworks/Carbon.framework/Versions/A/Frameworks/SecurityHI.framework/Versions/A/SecurityHI
0x00000001174eb000 	/Library/Java/JavaVirtualMachines/jdk1.8.0_31.jdk/Contents/Home/jre/lib/libnet.dylib
0x0000000117502000 	/Library/Java/JavaVirtualMachines/jdk1.8.0_31.jdk/Contents/Home/jre/lib/libnio.dylib
0x0000000117515000 	/Library/Java/JavaVirtualMachines/jdk1.8.0_31.jdk/Contents/Home/jre/lib/libsunec.dylib

VM Arguments:
jvm_args: -Xms256m -Xmx1024m -Dclassworlds.conf=/usr/local/apache-maven-3.3.3/bin/m2.conf -Dmaven.home=/usr/local/apache-maven-3.3.3 -Dmaven.multiModuleProjectDirectory=/Users/jericks/Projects/GeoScript/geoscript-groovy-modular/raster 
java_command: org.codehaus.plexus.classworlds.launcher.Launcher clean install
java_class_path (initial): /usr/local/apache-maven-3.3.3/boot/plexus-classworlds-2.5.2.jar
Launcher Type: SUN_STANDARD

Environment Variables:
JAVA_HOME=/Library/Java/JavaVirtualMachines/jdk1.8.0_31.jdk/Contents/Home
PATH=/usr/local/apache-maven-3.3.3/bin:/usr/local/apache-ant-1.9.2/bin:/unix/lib:/Library/Frameworks/GDAL.framework/Programs:opt/local/bin:/opt/local/sbin:.:/usr/local/groovy-2.3.7/bin:/usr/local/scala-2.9.2/bin:/Users/jericks/Tools/gradle-1.6/bin:/usr/local/grails-2.1.0/bin:/opt/local/lib/postgresql84/bin:/Users/jericks/Projects/GeoScript/geoscript-groovy/target/geoscript-groovy-1.7-SNAPSHOT-app/geoscript-groovy-1.7-SNAPSHOT/bin:/usr/local/griffin-0.9/bin:/usr/local/jruby-1.5.5/bin:/usr/local/gwt-2.1.1:/Users/jericks/Projects/geom/geom/target/geometrycommands-0.5-SNAPSHOT-app/geom-0.5-SNAPSHOT/bin:/Users/jericks/Projects/geoc/target/geocommands-0.6-SNAPSHOT-app/geoc-0.6-SNAPSHOT/bin:/Users/jericks/Projects/jeql-0/bin:/usr/local/perceptualdiff:/usr/local/ringojs-0.8/bin:/Applications/Android/android-sdk-mac_x86//platform-tools:/Applications/Android/android-sdk-mac_x86//tools:/Users/jericks/.gvm/vertx/current/bin:/Users/jericks/.gvm/springboot/current/bin:/Users/jericks/.gvm/lazybones/current/bin:/Users/jericks/.gvm/jbake/current/bin:/Users/jericks/.gvm/groovyserv/current/bin:/Users/jericks/.gvm/groovy/current/bin:/Users/jericks/.gvm/griffon/current/bin:/Users/jericks/.gvm/grails/current/bin:/Users/jericks/.gvm/gradle/current/bin:/Users/jericks/.gvm/glide/current/bin:/Users/jericks/.gvm/gaiden/current/bin:/Users/jericks/.gvm/crash/current/bin:/Users/jericks/.gvm/asciidoctorj/current/bin:/usr/bin:/bin:/usr/sbin:/sbin:/usr/local/bin:/opt/X11/bin:/usr/local/git/bin:/usr/local/go/bin:/opt/opengeo/pgsql/9.1/bin:/Users/jericks/Applications/jython2.7.0/bin:/Users/jericks/Projects/geoserver-shell/target/geoserver-shell-0.3-SNAPSHOT-app/gs-shell-0.3-SNAPSHOT/bin:Applications/Postgres93.app/Contents/MacOS/bin:/Users/jericks/Projects/go/bin:/usr/local/bin:/usr/local/lib
SHELL=/bin/bash
DISPLAY=/tmp/launch-dN42xd/org.macosforge.xquartz:0

Signal Handlers:
SIGSEGV: [libjvm.dylib+0x57a0e7], sa_mask[0]=11111111011111110111111111111111, sa_flags=SA_ONSTACK|SA_RESTART|SA_SIGINFO
SIGBUS: [libjvm.dylib+0x57a0e7], sa_mask[0]=11111111011111110111111111111111, sa_flags=SA_RESTART|SA_SIGINFO
SIGFPE: [libjvm.dylib+0x45af24], sa_mask[0]=11111111011111110111111111111111, sa_flags=SA_RESTART|SA_SIGINFO
SIGPIPE: [libjvm.dylib+0x45af24], sa_mask[0]=11111111011111110111111111111111, sa_flags=SA_RESTART|SA_SIGINFO
SIGXFSZ: [libjvm.dylib+0x45af24], sa_mask[0]=11111111011111110111111111111111, sa_flags=SA_RESTART|SA_SIGINFO
SIGILL: [libjvm.dylib+0x45af24], sa_mask[0]=11111111011111110111111111111111, sa_flags=SA_RESTART|SA_SIGINFO
SIGUSR1: SIG_DFL, sa_mask[0]=11011111011111100000000111000110, sa_flags=none
SIGUSR2: [libjvm.dylib+0x45aa42], sa_mask[0]=00000000000000000000000000000000, sa_flags=SA_RESTART|SA_SIGINFO
SIGHUP: [libjvm.dylib+0x459015], sa_mask[0]=11111111011111110111111111111111, sa_flags=SA_RESTART|SA_SIGINFO
SIGINT: [libjvm.dylib+0x459015], sa_mask[0]=11111111011111110111111111111111, sa_flags=SA_RESTART|SA_SIGINFO
SIGTERM: [libjvm.dylib+0x459015], sa_mask[0]=11111111011111110111111111111111, sa_flags=SA_RESTART|SA_SIGINFO
SIGQUIT: [libjvm.dylib+0x459015], sa_mask[0]=11111111011111110111111111111111, sa_flags=SA_RESTART|SA_SIGINFO


---------------  S Y S T E M  ---------------

OS:Bsduname:Darwin 13.4.0 Darwin Kernel Version 13.4.0: Wed Mar 18 16:20:14 PDT 2015; root:xnu-2422.115.14~1/RELEASE_X86_64 x86_64
rlimit: STACK 8192k, CORE 0k, NPROC 709, NOFILE 10240, AS infinity
load average:2.43 2.30 2.14

CPU:total 2 (2 cores per cpu, 1 threads per core) family 6 model 23 stepping 10, cmov, cx8, fxsr, mmx, sse, sse2, sse3, ssse3, sse4.1, tsc

Memory: 4k page, physical 4194304k(426568k free)

/proc/meminfo:


vm_info: Java HotSpot(TM) 64-Bit Server VM (25.31-b07) for bsd-amd64 JRE (1.8.0_31-b13), built on Dec 17 2014 20:45:36 by "java_re" with gcc 4.2.1 (Based on Apple Inc. build 5658) (LLVM build 2336.11.00)

time: Wed Nov 25 17:35:34 2015
elapsed time: 7 seconds (0d 0h 0m 7s)

